<<<<<<< HEAD
2019-02-20 19:32:11,705 [main] INFO  c.g.t.t.d.PublishedGradleVersions - Gradle version information cache file is out-of-date. Remote download required.
=======
<<<<<<< HEAD
=======
<<<<<<< HEAD
2019-02-13 19:51:59,672 [main] INFO  c.g.t.t.d.PublishedGradleVersions - Gradle version information cache file is out-of-date. Remote download required.
=======
2019-02-08 20:19:45,057 [main] INFO  c.g.t.t.d.PublishedGradleVersions - Gradle version information cache file is out-of-date. Remote download required.
>>>>>>> f0deecaec06430166c5b22db5aa293d1fcf39f35
>>>>>>> e62fde1bdf6e8fdefca125cecb33ed21344b681a
>>>>>>> ce46e42b35adbef6712276a67391fe15f0b38d1c
2019-02-25 20:30:53,679 [main] INFO  c.g.t.t.d.PublishedGradleVersions - Gradle version information cache file is out-of-date. Remote download required.
2019-02-25 21:07:32,133 [main] INFO  c.g.t.t.d.PublishedGradleVersions - Gradle version information cache file is not out-of-date. No remote download required.
2019-02-27 19:25:07,644 [main] INFO  c.g.t.t.d.PublishedGradleVersions - Gradle version information cache file is out-of-date. Remote download required.
2019-03-01 19:06:22,701 [main] INFO  c.g.t.t.d.PublishedGradleVersions - Gradle version information cache file is out-of-date. Remote download required.
2019-03-04 19:04:01,516 [main] INFO  c.g.t.t.d.PublishedGradleVersions - Gradle version information cache file is out-of-date. Remote download required.
2019-03-06 19:16:24,548 [main] INFO  c.g.t.t.d.PublishedGradleVersions - Gradle version information cache file is out-of-date. Remote download required.
2019-03-08 20:25:32,975 [main] INFO  c.g.t.t.d.PublishedGradleVersions - Gradle version information cache file is out-of-date. Remote download required.
2019-03-13 19:12:29,457 [main] INFO  c.g.t.t.d.PublishedGradleVersions - Gradle version information cache file is out-of-date. Remote download required.
